PID 13128 received SIGSEGV for address: 0x4ca94f99
SymInit: Symbol-SearchPath: '.;E:\Apple-Music-Electron;E:\Apple-Music-Electron\node_modules\electron\dist;C:\Windows;C:\Windows\system32;SRV*C:\websymbols*http://msdl.microsoft.com/download/symbols;', symOptions: 530, UserName: 'vieta'
OS-Version: 10.0.19042 () 0x300-0x1
e:\apple-music-electron\node_modules\segfault-handler\src\stackwalker.cpp (924): StackWalker::ShowCallstack
e:\apple-music-electron\node_modules\segfault-handler\src\segfault-handler.cpp (242): segfault_handler
00007FFA4F208A3C (ntdll): (filename not available): RtlDeleteAce
00007FFA4F1E1276 (ntdll): (filename not available): RtlRaiseException
00007FFA4F1E11A5 (ntdll): (filename not available): RtlRaiseException
00007FFA4CA94F99 (KERNELBASE): (filename not available): RaiseException
00007FFA4DB57740 (RPCRT4): (filename not available): RpcRaiseException
00007FFA4DB57704 (RPCRT4): (filename not available): RpcRaiseException
00007FFA4DB576E4 (RPCRT4): (filename not available): NdrGetUserMarshalInfo
00007FFA4DB576C0 (RPCRT4): (filename not available): NdrGetUserMarshalInfo
00007FFA4DB024BB (RPCRT4): (filename not available): RpcAsyncCompleteCall
00007FFA4DBE4F79 (RPCRT4): (filename not available): Ndr64AsyncClientCall
00007FFA4DB02290 (RPCRT4): (filename not available): RpcAsyncCompleteCall
00007FFA4DB021A8 (RPCRT4): (filename not available): RpcAsyncCompleteCall
00007FFA466647B1 (NLAapi): (filename not available): NlaQueryNetSignatures
00007FFA4F20857B (ntdll): (filename not available): RtlGetOwnerSecurityDescriptor
00007FFA4F1A0EBC (ntdll): (filename not available): TpSimpleTryPost
00007FFA4F1E2F26 (ntdll): (filename not available): TpReleaseCleanupGroupMembers
00007FFA4E347034 (KERNEL32): (filename not available): BaseThreadInitThunk
00007FFA4F1E2651 (ntdll): (filename not available): RtlUserThreadStart
